# JRE version: OpenJDK Runtime Environment (8.0_152-b01) (build 1.8.0_152-release-1343-b01)
# Java VM: OpenJDK 64-Bit Server VM (25.152-b01 mixed mode windows-amd64 compressed oops)
Heap:
 PSYoungGen      total 391680K, used 54240K [0x00000000e0000000, 0x00000000ff600000, 0x0000000100000000)
  eden space 305664K, 0% used [0x00000000e0000000,0x00000000e0000000,0x00000000f2a80000)
  from space 86016K, 63% used [0x00000000f2a80000,0x00000000f5f78098,0x00000000f7e80000)
  to   space 88064K, 0% used [0x00000000fa000000,0x00000000fa000000,0x00000000ff600000)
 ParOldGen       total 153600K, used 134859K [0x00000000a0000000, 0x00000000a9600000, 0x00000000e0000000)
  object space 153600K, 87% used [0x00000000a0000000,0x00000000a83b2e10,0x00000000a9600000)
 Metaspace       used 91711K, capacity 96020K, committed 96168K, reserved 1132544K
  class space    used 11629K, capacity 12459K, committed 12464K, reserved 1048576K
GC Heap History (10 events):
Event: 9670.421 GC heap after
Heap after GC invocations=18 (full 3):
 PSYoungGen      total 350720K, used 61430K [0x00000000e0000000, 0x00000000fd300000, 0x0000000100000000)
  eden space 289280K, 0% used [0x00000000e0000000,0x00000000e0000000,0x00000000f1a80000)
  from space 61440K, 99% used [0x00000000f1a80000,0x00000000f567db30,0x00000000f5680000)
  to   space 72704K, 0% used [0x00000000f8c00000,0x00000000f8c00000,0x00000000fd300000)
 ParOldGen       total 153600K, used 91693K [0x00000000a0000000, 0x00000000a9600000, 0x00000000e0000000)
  object space 153600K, 59% used [0x00000000a0000000,0x00000000a598b720,0x00000000a9600000)
 Metaspace       used 90746K, capacity 94608K, committed 94760K, reserved 1132544K
  class space    used 11561K, capacity 12335K, committed 12336K, reserved 1048576K
}
Event: 10117.519 GC heap before
{Heap before GC invocations=19 (full 3):
 PSYoungGen      total 350720K, used 349710K [0x00000000e0000000, 0x00000000fd300000, 0x0000000100000000)
  eden space 289280K, 99% used [0x00000000e0000000,0x00000000f1985e08,0x00000000f1a80000)
  from space 61440K, 99% used [0x00000000f1a80000,0x00000000f567db30,0x00000000f5680000)
  to   space 72704K, 0% used [0x00000000f8c00000,0x00000000f8c00000,0x00000000fd300000)
 ParOldGen       total 153600K, used 91693K [0x00000000a0000000, 0x00000000a9600000, 0x00000000e0000000)
  object space 153600K, 59% used [0x00000000a0000000,0x00000000a598b720,0x00000000a9600000)
 Metaspace       used 91002K, capacity 95014K, committed 95144K, reserved 1132544K
  class space    used 11574K, capacity 12358K, committed 12464K, reserved 1048576K
Event: 10117.627 GC heap after
Heap after GC invocations=19 (full 3):
 PSYoungGen      total 311296K, used 32119K [0x00000000e0000000, 0x00000000fab80000, 0x0000000100000000)
  eden space 279040K, 0% used [0x00000000e0000000,0x00000000e0000000,0x00000000f1080000)
  from space 32256K, 99% used [0x00000000f8c00000,0x00000000fab5dc80,0x00000000fab80000)
  to   space 69120K, 0% used [0x00000000f2480000,0x00000000f2480000,0x00000000f6800000)
 ParOldGen       total 153600K, used 95574K [0x00000000a0000000, 0x00000000a9600000, 0x00000000e0000000)
  object space 153600K, 62% used [0x00000000a0000000,0x00000000a5d558c0,0x00000000a9600000)
 Metaspace       used 91002K, capacity 95014K, committed 95144K, reserved 1132544K
  class space    used 11574K, capacity 12358K, committed 12464K, reserved 1048576K
}
Event: 10120.674 GC heap before
{Heap before GC invocations=20 (full 3):
 PSYoungGen      total 311296K, used 311091K [0x00000000e0000000, 0x00000000fab80000, 0x0000000100000000)
  eden space 279040K, 99% used [0x00000000e0000000,0x00000000f106f1b0,0x00000000f1080000)
  from space 32256K, 99% used [0x00000000f8c00000,0x00000000fab5dc80,0x00000000fab80000)
  to   space 69120K, 0% used [0x00000000f2480000,0x00000000f2480000,0x00000000f6800000)
 ParOldGen       total 153600K, used 95574K [0x00000000a0000000, 0x00000000a9600000, 0x00000000e0000000)
  object space 153600K, 62% used [0x00000000a0000000,0x00000000a5d558c0,0x00000000a9600000)
 Metaspace       used 91135K, capacity 95022K, committed 95144K, reserved 1132544K
  class space    used 11574K, capacity 12358K, committed 12464K, reserved 1048576K
Event: 10120.838 GC heap after
Heap after GC invocations=20 (full 3):
 PSYoungGen      total 368640K, used 40793K [0x00000000e0000000, 0x00000000fc280000, 0x0000000100000000)
  eden space 299520K, 0% used [0x00000000e0000000,0x00000000e0000000,0x00000000f2480000)
  from space 69120K, 59% used [0x00000000f2480000,0x00000000f4c56408,0x00000000f6800000)
  to   space 69632K, 0% used [0x00000000f7e80000,0x00000000f7e80000,0x00000000fc280000)
 ParOldGen       total 153600K, used 95582K [0x00000000a0000000, 0x00000000a9600000, 0x00000000e0000000)
  object space 153600K, 62% used [0x00000000a0000000,0x00000000a5d578c0,0x00000000a9600000)
 Metaspace       used 91135K, capacity 95022K, committed 95144K, reserved 1132544K
  class space    used 11574K, capacity 12358K, committed 12464K, reserved 1048576K
}
Event: 10545.673 GC heap before
{Heap before GC invocations=21 (full 3):
 PSYoungGen      total 368640K, used 340313K [0x00000000e0000000, 0x00000000fc280000, 0x0000000100000000)
  eden space 299520K, 100% used [0x00000000e0000000,0x00000000f2480000,0x00000000f2480000)
  from space 69120K, 59% used [0x00000000f2480000,0x00000000f4c56408,0x00000000f6800000)
  to   space 69632K, 0% used [0x00000000f7e80000,0x00000000f7e80000,0x00000000fc280000)
 ParOldGen       total 153600K, used 95582K [0x00000000a0000000, 0x00000000a9600000, 0x00000000e0000000)
  object space 153600K, 62% used [0x00000000a0000000,0x00000000a5d578c0,0x00000000a9600000)
 Metaspace       used 91414K, capacity 95540K, committed 95656K, reserved 1132544K
  class space    used 11598K, capacity 12401K, committed 12464K, reserved 1048576K
Event: 10545.947 GC heap after
Heap after GC invocations=21 (full 3):
 PSYoungGen      total 375296K, used 69624K [0x00000000e0000000, 0x00000000ff200000, 0x0000000100000000)
  eden space 305664K, 0% used [0x00000000e0000000,0x00000000e0000000,0x00000000f2a80000)
  from space 69632K, 99% used [0x00000000f7e80000,0x00000000fc27e110,0x00000000fc280000)
  to   space 86016K, 0% used [0x00000000f2a80000,0x00000000f2a80000,0x00000000f7e80000)
 ParOldGen       total 153600K, used 111734K [0x00000000a0000000, 0x00000000a9600000, 0x00000000e0000000)
  object space 153600K, 72% used [0x00000000a0000000,0x00000000a6d1d920,0x00000000a9600000)
 Metaspace       used 91414K, capacity 95540K, committed 95656K, reserved 1132544K
  class space    used 11598K, capacity 12401K, committed 12464K, reserved 1048576K
}
Event: 11278.545 GC heap before
{Heap before GC invocations=22 (full 3):
 PSYoungGen      total 375296K, used 375288K [0x00000000e0000000, 0x00000000ff200000, 0x0000000100000000)
  eden space 305664K, 100% used [0x00000000e0000000,0x00000000f2a80000,0x00000000f2a80000)
  from space 69632K, 99% used [0x00000000f7e80000,0x00000000fc27e110,0x00000000fc280000)
  to   space 86016K, 0% used [0x00000000f2a80000,0x00000000f2a80000,0x00000000f7e80000)
 ParOldGen       total 153600K, used 111734K [0x00000000a0000000, 0x00000000a9600000, 0x00000000e0000000)
  object space 153600K, 72% used [0x00000000a0000000,0x00000000a6d1d920,0x00000000a9600000)
 Metaspace       used 91711K, capacity 96020K, committed 96168K, reserved 1132544K
  class space    used 11629K, capacity 12459K, committed 12464K, reserved 1048576K
Event: 11278.946 GC heap after
Heap after GC invocations=22 (full 3):
 PSYoungGen      total 391680K, used 54240K [0x00000000e0000000, 0x00000000ff600000, 0x0000000100000000)
  eden space 305664K, 0% used [0x00000000e0000000,0x00000000e0000000,0x00000000f2a80000)
  from space 86016K, 63% used [0x00000000f2a80000,0x00000000f5f78098,0x00000000f7e80000)
  to   space 88064K, 0% used [0x00000000fa000000,0x00000000fa000000,0x00000000ff600000)
 ParOldGen       total 153600K, used 134859K [0x00000000a0000000, 0x00000000a9600000, 0x00000000e0000000)
  object space 153600K, 87% used [0x00000000a0000000,0x00000000a83b2e10,0x00000000a9600000)
 Metaspace       used 91711K, capacity 96020K, committed 96168K, reserved 1132544K
  class space    used 11629K, capacity 12459K, committed 12464K, reserved 1048576K
}
Event: 11278.953 GC heap before
{Heap before GC invocations=23 (full 4):
 PSYoungGen      total 391680K, used 54240K [0x00000000e0000000, 0x00000000ff600000, 0x0000000100000000)
  eden space 305664K, 0% used [0x00000000e0000000,0x00000000e0000000,0x00000000f2a80000)
  from space 86016K, 63% used [0x00000000f2a80000,0x00000000f5f78098,0x00000000f7e80000)
  to   space 88064K, 0% used [0x00000000fa000000,0x00000000fa000000,0x00000000ff600000)
 ParOldGen       total 153600K, used 134859K [0x00000000a0000000, 0x00000000a9600000, 0x00000000e0000000)
  object space 153600K, 87% used [0x00000000a0000000,0x00000000a83b2e10,0x00000000a9600000)
 Metaspace       used 91711K, capacity 96020K, committed 96168K, reserved 1132544K
  class space    used 11629K, capacity 12459K, committed 12464K, reserved 1048576K

